{
  "stats": {
    "suites": 1,
    "tests": 5,
    "passes": 5,
    "pending": 0,
    "failures": 0,
    "start": "2024-03-27T20:18:24.814Z",
    "end": "2024-03-27T20:23:16.310Z",
    "duration": 291496,
    "testsRegistered": 5,
    "passPercent": 100,
    "pendingPercent": 0,
    "other": 0,
    "hasOther": false,
    "skipped": 0,
    "hasSkipped": false
  },
  "results": [
    {
      "uuid": "101fcba5-c129-4bbc-ae73-ac24154e64cc",
      "title": "",
      "fullFile": "cypress\\e2e\\ProjectPhpTravel.cy.js",
      "file": "cypress\\e2e\\ProjectPhpTravel.cy.js",
      "beforeHooks": [],
      "afterHooks": [],
      "tests": [],
      "suites": [
        {
          "uuid": "43c35d27-fe4f-4745-979d-c82d212bfc2a",
          "title": "Cpress Course Project",
          "fullFile": "",
          "file": "",
          "beforeHooks": [],
          "afterHooks": [],
          "tests": [
            {
              "title": "user can Search Flight Using Round Trip Check",
              "fullTitle": "Cpress Course Project user can Search Flight Using Round Trip Check",
              "timedOut": null,
              "duration": 37265,
              "state": "passed",
              "speed": "slow",
              "pass": true,
              "fail": false,
              "pending": false,
              "context": null,
              "code": "//cy.get(el.OneWayCheck).click()\ncy.get(el.RoundTripCheck).click();\ncy.get(el.FlyingFromDropDown).click();\ncy.get(el.FlyingFromValue).click().wait(3000);\ncy.get(el.DestinationToDropDown).click();\ncy.get(el.DestinationValue).click().wait(3000);\ncy.get(el.DepartureDate).click();\ncy.get(el.ArrivalDate).click();\ncy.get(el.TicketClass).select(1);\ncy.get(el.NumberOfPassengersDropdown).click();\ncy.get(el.SearchButton).click();",
              "err": {},
              "uuid": "8518154b-da91-4dca-82bb-6e5c31019078",
              "parentUUID": "43c35d27-fe4f-4745-979d-c82d212bfc2a",
              "isHook": false,
              "skipped": false
            },
            {
              "title": "User Can Search Flight using One way check and Filter Search Results",
              "fullTitle": "Cpress Course Project User Can Search Flight using One way check and Filter Search Results",
              "timedOut": null,
              "duration": 61948,
              "state": "passed",
              "speed": "slow",
              "pass": true,
              "fail": false,
              "pending": false,
              "context": null,
              "code": "cy.get(el.OneWayCheck).click();\ncy.get(el.FlyingFromDropDown).click().wait(3000);\ncy.get(el.FlyingFromValue).click().wait(3000);\ncy.get(el.DestinationToDropDown).click().wait(3000);\ncy.get(el.DestinationValue).click().wait(3000);\ncy.get(el.DepartureDate).click().wait(3000);\ncy.get(el.TicketClass).select(0).wait(3000);\ncy.get(el.NumberOfPassengersDropdown).click().wait(3000);\ncy.get(el.SearchButton).click();\ncy.get(el.PriceAscending).click().wait(3000); //filter by price ascending\ncy.get(el.PriceDescending).click().wait(3000); //filter by price descending\ncy.get(el.DirectFlightSort).click(); //filter direct flight\ncy.get(el.FilterByPakistanAirline).click(); //filter Parkistan Airline flight\n//cy.get(el.FilterByQatarAirline).click()//filter Qatar Airline flight",
              "err": {},
              "uuid": "3f1fa052-2afb-4814-a514-168ce4bf72c3",
              "parentUUID": "43c35d27-fe4f-4745-979d-c82d212bfc2a",
              "isHook": false,
              "skipped": false
            },
            {
              "title": "User Can Select and Book Flight",
              "fullTitle": "Cpress Course Project User Can Select and Book Flight",
              "timedOut": null,
              "duration": 54373,
              "state": "passed",
              "speed": "slow",
              "pass": true,
              "fail": false,
              "pending": false,
              "context": null,
              "code": "cy.get(el.OneWayCheck).click();\ncy.get(el.FlyingFromDropDown).click().wait(3000);\ncy.get(el.FlyingFromValue).click().wait(3000);\ncy.get(el.DestinationToDropDown).click().wait(3000);\ncy.get(el.DestinationValue).click().wait(3000);\ncy.get(el.DepartureDate).click().wait(3000);\ncy.get(el.TicketClass).select(0).wait(3000);\ncy.get(el.NumberOfPassengersDropdown).click().wait(3000);\ncy.get(el.SearchButton).click();\ncy.get(el.GetFlightDetails).click(); //view flight details\ncy.get(el.SelectFlight).click(); // select flight and proceed to booking process",
              "err": {},
              "uuid": "41cf9ab6-d1dd-4e8b-a9b0-993352747c05",
              "parentUUID": "43c35d27-fe4f-4745-979d-c82d212bfc2a",
              "isHook": false,
              "skipped": false
            },
            {
              "title": "User Can Enter Passenger Information",
              "fullTitle": "Cpress Course Project User Can Enter Passenger Information",
              "timedOut": null,
              "duration": 52209,
              "state": "passed",
              "speed": "slow",
              "pass": true,
              "fail": false,
              "pending": false,
              "context": null,
              "code": "cy.get(el.OneWayCheck).click();\ncy.get(el.FlyingFromDropDown).click();\ncy.get(el.FlyingFromValue).click();\ncy.get(el.DestinationToDropDown).click();\ncy.get(el.DestinationValue).click();\ncy.get(el.DepartureDate).click();\ncy.get(el.TicketClass).select(0);\ncy.get(el.NumberOfPassengersDropdown).click();\ncy.get(el.SearchButton).click();\ncy.get(el.GetFlightDetails).click(); //view flight details\ncy.get(el.SelectFlight).click(); // select flight and proceed to booking process\n//Enter personal information details\ncy.get(el.FirstNameField).type(el.FirstName);\ncy.get(el.LastNameField).type(el.LastName);\ncy.get(el.EmailField).type(el.Email);\ncy.get(el.PhoneField).type(el.Phone);\ncy.get(el.AddressField).type(el.Address);\ncy.get(el.CountryField).type(el.Country);\ncy.get(el.NationalityField).type(el.Nationality);\n// Enter Travellers information details\ncy.get(el.FirstNameField2).type(el.FirstName);\ncy.get(el.LastName2Field2).type(el.LastName);\ncy.get(el.NationalityField2).type(el.Nationality);\ncy.get(el.PassportNumberFIeld).type(el.PassportNumber);\ncy.get(el.PaymentMethod).click();\ncy.get(el.TermsAndConditionCheck).click();\ncy.get(el.ConfirmBookingButton).click();",
              "err": {},
              "uuid": "55bc5677-1728-42e9-ba14-3f84b52f91ea",
              "parentUUID": "43c35d27-fe4f-4745-979d-c82d212bfc2a",
              "isHook": false,
              "skipped": false
            },
            {
              "title": "User Can Confirm Details and Make Payment",
              "fullTitle": "Cpress Course Project User Can Confirm Details and Make Payment",
              "timedOut": null,
              "duration": 71313,
              "state": "passed",
              "speed": "slow",
              "pass": true,
              "fail": false,
              "pending": false,
              "context": null,
              "code": "cy.get(el.OneWayCheck).click();\ncy.get(el.FlyingFromDropDown).click();\ncy.get(el.FlyingFromValue).click();\ncy.get(el.DestinationToDropDown).click();\ncy.get(el.DestinationValue).click();\ncy.get(el.DepartureDate).click();\ncy.get(el.TicketClass).select(0);\ncy.get(el.NumberOfPassengersDropdown).click();\ncy.get(el.SearchButton).click();\ncy.get(el.GetFlightDetails).click(); //view flight details\ncy.get(el.SelectFlight).click(); // select flight and proceed to booking process\n//Enter personal information details\ncy.get(el.FirstNameField).type(el.FirstName);\ncy.get(el.LastNameField).type(el.LastName);\ncy.get(el.EmailField).type(el.Email);\ncy.get(el.PhoneField).type(el.Phone);\ncy.get(el.AddressField).type(el.Address);\ncy.get(el.CountryField).type(el.Country);\ncy.get(el.NationalityField).type(el.Nationality);\n// Enter Travellers information details\ncy.get(el.FirstNameField2).type(el.FirstName);\ncy.get(el.LastName2Field2).type(el.LastName);\ncy.get(el.NationalityField2).type(el.Nationality);\ncy.get(el.PassportNumberFIeld).type(el.PassportNumber);\ncy.get(el.PaymentMethod).click();\ncy.get(el.TermsAndConditionCheck).click();\ncy.get(el.ConfirmBookingButton).click();\ncy.get(el.SelectPaymentMethod).click().wait(5000);\ncy.get(el.ProceedPaymentButton).click();\ncy.get(el.GobackToInvoiceButton).click();\ncy.get(el.YesButton).click({\n  force: true\n});\ncy.get(el.DownloadAsPdfButton).click();\ncy.screenshot(\"invoice\");",
              "err": {},
              "uuid": "8efbeb82-ca30-42b2-ad27-5a9181a50dc3",
              "parentUUID": "43c35d27-fe4f-4745-979d-c82d212bfc2a",
              "isHook": false,
              "skipped": false
            }
          ],
          "suites": [],
          "passes": [
            "8518154b-da91-4dca-82bb-6e5c31019078",
            "3f1fa052-2afb-4814-a514-168ce4bf72c3",
            "41cf9ab6-d1dd-4e8b-a9b0-993352747c05",
            "55bc5677-1728-42e9-ba14-3f84b52f91ea",
            "8efbeb82-ca30-42b2-ad27-5a9181a50dc3"
          ],
          "failures": [],
          "pending": [],
          "skipped": [],
          "duration": 277108,
          "root": false,
          "rootEmpty": false,
          "_timeout": 2000
        }
      ],
      "passes": [],
      "failures": [],
      "pending": [],
      "skipped": [],
      "duration": 0,
      "root": true,
      "rootEmpty": true,
      "_timeout": 2000
    }
  ],
  "meta": {
    "mocha": {
      "version": "7.0.1"
    },
    "mochawesome": {
      "options": {
        "quiet": false,
        "reportFilename": "mochawesome",
        "saveHtml": true,
        "saveJson": true,
        "consoleReporter": "spec",
        "useInlineDiffs": false,
        "code": true
      },
      "version": "7.1.3"
    },
    "marge": {
      "options": {
        "charts": true,
        "overwrite": true,
        "html": true,
        "json": true,
        "reportDir": "cypress/report"
      },
      "version": "6.2.0"
    }
  }
}